0 info it worked if it ends with ok
1 verbose cli [ '/Users/dikunin/.nvm/versions/node/v4.2.3/bin/node',
1 verbose cli   '/Users/dikunin/.nvm/versions/node/v4.2.3/bin/npm',
1 verbose cli   'run',
1 verbose cli   'istanbul:babel' ]
2 info using npm@2.14.7
3 info using node@v4.2.3
4 verbose run-script [ 'preistanbul:babel', 'istanbul:babel', 'postistanbul:babel' ]
5 info preistanbul:babel test-sandbox@1.0.0
6 info istanbul:babel test-sandbox@1.0.0
7 verbose unsafe-perm in lifecycle true
8 info test-sandbox@1.0.0 Failed to exec istanbul:babel script
9 verbose stack Error: test-sandbox@1.0.0 istanbul:babel: `babel-esnext ./node_modules/babel-istanbul/lib/cli cover --dir ./coverage node_modules/.bin/_mocha`
9 verbose stack spawn ENOENT
9 verbose stack     at ChildProcess.<anonymous> (/Users/dikunin/.nvm/versions/node/v4.2.3/lib/node_modules/npm/lib/utils/spawn.js:17:16)
9 verbose stack     at emitTwo (events.js:87:13)
9 verbose stack     at ChildProcess.emit (events.js:172:7)
9 verbose stack     at maybeClose (internal/child_process.js:818:16)
9 verbose stack     at Process.ChildProcess._handle.onexit (internal/child_process.js:211:5)
10 verbose pkgid test-sandbox@1.0.0
11 verbose cwd /Users/dikunin/Projects/tests-sandbox
12 error Darwin 14.5.0
13 error argv "/Users/dikunin/.nvm/versions/node/v4.2.3/bin/node" "/Users/dikunin/.nvm/versions/node/v4.2.3/bin/npm" "run" "istanbul:babel"
14 error node v4.2.3
15 error npm  v2.14.7
16 error file sh
17 error code ELIFECYCLE
18 error errno ENOENT
19 error syscall spawn
20 error test-sandbox@1.0.0 istanbul:babel: `babel-esnext ./node_modules/babel-istanbul/lib/cli cover --dir ./coverage node_modules/.bin/_mocha`
20 error spawn ENOENT
21 error Failed at the test-sandbox@1.0.0 istanbul:babel script 'babel-esnext ./node_modules/babel-istanbul/lib/cli cover --dir ./coverage node_modules/.bin/_mocha'.
21 error This is most likely a problem with the test-sandbox package,
21 error not with npm itself.
21 error Tell the author that this fails on your system:
21 error     babel-esnext ./node_modules/babel-istanbul/lib/cli cover --dir ./coverage node_modules/.bin/_mocha
21 error You can get their info via:
21 error     npm owner ls test-sandbox
21 error There is likely additional logging output above.
22 verbose exit [ 1, true ]
